<?xml version="1.0" encoding="UTF-8"?>
<!-- Generated by org.testng.reporters.JUnitReportReporter -->
<testsuite hostname="DESKTOP-H59BR32" failures="0" tests="1" name="com.retrythesis.tests.FlakyTest" time="0.098" errors="0" timestamp="08 Aug 2025 17:06:05 GMT" skipped="0">
  <testcase classname="com.retrythesis.tests.FlakyTest" name="testRandomFlaky" time="0.098"/>
</testsuite> <!-- com.retrythesis.tests.FlakyTest -->
