<?xml version="1.0" encoding="UTF-8"?>
<!-- Generated by org.testng.reporters.JUnitReportReporter -->
<testsuite hostname="DESKTOP-H59BR32" failures="0" tests="1" name="com.retrythesis.tests.FlakyTest" time="0.055" errors="0" timestamp="19 Jul 2025 12:55:34 GMT" skipped="0">
  <testcase classname="com.retrythesis.tests.FlakyTest" name="testRandomFlaky" time="0.055"/>
</testsuite> <!-- com.retrythesis.tests.FlakyTest -->
