<?xml version="1.0" encoding="UTF-8"?>
<!-- Generated by org.testng.reporters.JUnitReportReporter -->
<testsuite hostname="1bdbd2b0d39b" failures="0" tests="2" name="com.retrythesis.tests.FlakyTest" time="0.023" errors="0" timestamp="2025-08-17T13:00:57 UTC" skipped="1">
  <testcase classname="com.retrythesis.tests.FlakyTest" name="testRandomFlaky" time="0.022">
    <skipped/>
  </testcase> <!-- testRandomFlaky -->
  <testcase classname="com.retrythesis.tests.FlakyTest" name="testRandomFlaky" time="0.001"/>
</testsuite> <!-- com.retrythesis.tests.FlakyTest -->
